0 info it worked if it ends with ok
1 verbose cli [ 'C:\\Program Files\\nodejs\\node.exe',
1 verbose cli   'C:\\Program Files\\nodejs\\node_modules\\npm\\bin\\npm-cli.js',
1 verbose cli   'install',
1 verbose cli   'jquery-colorbox',
1 verbose cli   '--save-dev' ]
2 info using npm@2.14.7
3 info using node@v4.2.2
4 verbose install initial load of C:\Users\Peter A\Documents\petrons_projects\Langham Hotel\www\wp-content\themes\langham-theme\package.json
5 warn package.json theme-name@0.1.0 No repository field.
6 warn package.json theme-name@0.1.0 No README data
7 warn package.json theme-name@0.1.0 No license field.
8 verbose installManyTop reading scoped package data from C:\Users\Peter A\Documents\petrons_projects\Langham Hotel\www\wp-content\themes\langham-theme\node_modules\bootstrap\package.json
9 verbose installManyTop reading scoped package data from C:\Users\Peter A\Documents\petrons_projects\Langham Hotel\www\wp-content\themes\langham-theme\node_modules\browser-sync\package.json
10 verbose installManyTop reading scoped package data from C:\Users\Peter A\Documents\petrons_projects\Langham Hotel\www\wp-content\themes\langham-theme\node_modules\browserify\package.json
11 verbose installManyTop reading scoped package data from C:\Users\Peter A\Documents\petrons_projects\Langham Hotel\www\wp-content\themes\langham-theme\node_modules\browserify-shim\package.json
12 verbose installManyTop reading scoped package data from C:\Users\Peter A\Documents\petrons_projects\Langham Hotel\www\wp-content\themes\langham-theme\node_modules\browsernizr\package.json
13 verbose installManyTop reading scoped package data from C:\Users\Peter A\Documents\petrons_projects\Langham Hotel\www\wp-content\themes\langham-theme\node_modules\consolelog\package.json
14 verbose installManyTop reading scoped package data from C:\Users\Peter A\Documents\petrons_projects\Langham Hotel\www\wp-content\themes\langham-theme\node_modules\debounce\package.json
15 verbose installManyTop reading scoped package data from C:\Users\Peter A\Documents\petrons_projects\Langham Hotel\www\wp-content\themes\langham-theme\node_modules\del\package.json
16 verbose installManyTop reading scoped package data from C:\Users\Peter A\Documents\petrons_projects\Langham Hotel\www\wp-content\themes\langham-theme\node_modules\es5-shim\package.json
17 verbose installManyTop reading scoped package data from C:\Users\Peter A\Documents\petrons_projects\Langham Hotel\www\wp-content\themes\langham-theme\node_modules\gulp\package.json
18 verbose installManyTop reading scoped package data from C:\Users\Peter A\Documents\petrons_projects\Langham Hotel\www\wp-content\themes\langham-theme\node_modules\gulp-autoprefixer\package.json
19 verbose installManyTop reading scoped package data from C:\Users\Peter A\Documents\petrons_projects\Langham Hotel\www\wp-content\themes\langham-theme\node_modules\gulp-browserify\package.json
20 verbose installManyTop reading scoped package data from C:\Users\Peter A\Documents\petrons_projects\Langham Hotel\www\wp-content\themes\langham-theme\node_modules\gulp-changed\package.json
21 verbose installManyTop reading scoped package data from C:\Users\Peter A\Documents\petrons_projects\Langham Hotel\www\wp-content\themes\langham-theme\node_modules\gulp-jshint\package.json
22 verbose installManyTop reading scoped package data from C:\Users\Peter A\Documents\petrons_projects\Langham Hotel\www\wp-content\themes\langham-theme\node_modules\gulp-less\package.json
23 verbose installManyTop reading scoped package data from C:\Users\Peter A\Documents\petrons_projects\Langham Hotel\www\wp-content\themes\langham-theme\node_modules\gulp-minify-css\package.json
24 verbose installManyTop reading scoped package data from C:\Users\Peter A\Documents\petrons_projects\Langham Hotel\www\wp-content\themes\langham-theme\node_modules\gulp-plumber\package.json
25 verbose installManyTop reading scoped package data from C:\Users\Peter A\Documents\petrons_projects\Langham Hotel\www\wp-content\themes\langham-theme\node_modules\gulp-rename\package.json
26 verbose installManyTop reading scoped package data from C:\Users\Peter A\Documents\petrons_projects\Langham Hotel\www\wp-content\themes\langham-theme\node_modules\gulp-streamify\package.json
27 verbose installManyTop reading scoped package data from C:\Users\Peter A\Documents\petrons_projects\Langham Hotel\www\wp-content\themes\langham-theme\node_modules\gulp-uglify\package.json
28 verbose installManyTop reading scoped package data from C:\Users\Peter A\Documents\petrons_projects\Langham Hotel\www\wp-content\themes\langham-theme\node_modules\gulp-util\package.json
29 verbose installManyTop reading scoped package data from C:\Users\Peter A\Documents\petrons_projects\Langham Hotel\www\wp-content\themes\langham-theme\node_modules\gulp-watchify\package.json
30 verbose installManyTop reading scoped package data from C:\Users\Peter A\Documents\petrons_projects\Langham Hotel\www\wp-content\themes\langham-theme\node_modules\gulp-webpack\package.json
31 verbose installManyTop reading scoped package data from C:\Users\Peter A\Documents\petrons_projects\Langham Hotel\www\wp-content\themes\langham-theme\node_modules\gulp-webpack-build\package.json
32 verbose installManyTop reading scoped package data from C:\Users\Peter A\Documents\petrons_projects\Langham Hotel\www\wp-content\themes\langham-theme\node_modules\jquery\package.json
33 verbose installManyTop reading scoped package data from C:\Users\Peter A\Documents\petrons_projects\Langham Hotel\www\wp-content\themes\langham-theme\node_modules\jshint\package.json
34 verbose installManyTop reading scoped package data from C:\Users\Peter A\Documents\petrons_projects\Langham Hotel\www\wp-content\themes\langham-theme\node_modules\jshint-stylish\package.json
35 verbose installManyTop reading scoped package data from C:\Users\Peter A\Documents\petrons_projects\Langham Hotel\www\wp-content\themes\langham-theme\node_modules\url\package.json
36 verbose installManyTop reading scoped package data from C:\Users\Peter A\Documents\petrons_projects\Langham Hotel\www\wp-content\themes\langham-theme\node_modules\watchify\package.json
37 verbose installManyTop reading scoped package data from C:\Users\Peter A\Documents\petrons_projects\Langham Hotel\www\wp-content\themes\langham-theme\node_modules\webpack\package.json
38 verbose installManyTop reading scoped package data from C:\Users\Peter A\Documents\petrons_projects\Langham Hotel\www\wp-content\themes\langham-theme\node_modules\webpack-config\package.json
39 info package.json gulp-streamify@1.0.2 No license field.
40 info package.json gulp-rename@1.2.2 No license field.
41 info package.json gulp-watchify@0.5.0 license should be a valid SPDX license expression
42 info package.json jquery@1.11.3 No license field.
43 info package.json url@0.10.3 url is also the name of a node core module.
44 verbose readDependencies loading dependencies from C:\Users\Peter A\Documents\petrons_projects\Langham Hotel\www\wp-content\themes\langham-theme\package.json
45 silly cache add args [ 'jquery-colorbox', null ]
46 verbose cache add spec jquery-colorbox
47 silly cache add parsed spec Result {
47 silly cache add   raw: 'jquery-colorbox',
47 silly cache add   scope: null,
47 silly cache add   name: 'jquery-colorbox',
47 silly cache add   rawSpec: '',
47 silly cache add   spec: '*',
47 silly cache add   type: 'range' }
48 silly addNamed jquery-colorbox@*
49 verbose addNamed "*" is a valid semver range for jquery-colorbox
50 silly addNameRange { name: 'jquery-colorbox', range: '*', hasData: false }
51 silly mapToRegistry name jquery-colorbox
52 silly mapToRegistry using default registry
53 silly mapToRegistry registry https://registry.npmjs.org/
54 silly mapToRegistry uri https://registry.npmjs.org/jquery-colorbox
55 verbose addNameRange registry:https://registry.npmjs.org/jquery-colorbox not in flight; fetching
56 verbose request uri https://registry.npmjs.org/jquery-colorbox
57 verbose request no auth needed
58 info attempt registry request try #1 at 10:25:33 AM
59 verbose request id 17c5bf55922a19d1
60 http request GET https://registry.npmjs.org/jquery-colorbox
61 http 200 https://registry.npmjs.org/jquery-colorbox
62 verbose headers { server: 'CouchDB/1.5.0 (Erlang OTP/R16B03)',
62 verbose headers   etag: '"AZC73BV6MHZTEZIGDODK8VWKW"',
62 verbose headers   'content-type': 'application/json',
62 verbose headers   'cache-control': 'max-age=60',
62 verbose headers   'content-length': '38968',
62 verbose headers   'accept-ranges': 'bytes',
62 verbose headers   date: 'Sun, 29 Nov 2015 16:25:33 GMT',
62 verbose headers   via: '1.1 varnish',
62 verbose headers   age: '0',
62 verbose headers   connection: 'keep-alive',
62 verbose headers   'x-served-by': 'cache-jfk1032-JFK',
62 verbose headers   'x-cache': 'MISS',
62 verbose headers   'x-cache-hits': '0',
62 verbose headers   'x-timer': 'S1448814333.582422,VS0,VE167',
62 verbose headers   vary: 'Accept' }
63 silly get cb [ 200,
63 silly get   { server: 'CouchDB/1.5.0 (Erlang OTP/R16B03)',
63 silly get     etag: '"AZC73BV6MHZTEZIGDODK8VWKW"',
63 silly get     'content-type': 'application/json',
63 silly get     'cache-control': 'max-age=60',
63 silly get     'content-length': '38968',
63 silly get     'accept-ranges': 'bytes',
63 silly get     date: 'Sun, 29 Nov 2015 16:25:33 GMT',
63 silly get     via: '1.1 varnish',
63 silly get     age: '0',
63 silly get     connection: 'keep-alive',
63 silly get     'x-served-by': 'cache-jfk1032-JFK',
63 silly get     'x-cache': 'MISS',
63 silly get     'x-cache-hits': '0',
63 silly get     'x-timer': 'S1448814333.582422,VS0,VE167',
63 silly get     vary: 'Accept' } ]
64 verbose get saving jquery-colorbox to C:\Users\Peter A\AppData\Roaming\npm-cache\registry.npmjs.org\jquery-colorbox\.cache.json
65 silly addNameRange number 2 { name: 'jquery-colorbox', range: '*', hasData: true }
66 silly addNameRange versions [ 'jquery-colorbox',
66 silly addNameRange   [ '1.5.10', '1.5.15', '1.6.0', '1.6.1', '1.6.2', '1.6.3' ] ]
67 silly addNamed jquery-colorbox@1.6.3
68 verbose addNamed "1.6.3" is a plain semver version for jquery-colorbox
69 silly mapToRegistry name jquery-colorbox
70 silly mapToRegistry using default registry
71 silly mapToRegistry registry https://registry.npmjs.org/
72 silly mapToRegistry uri https://registry.npmjs.org/jquery-colorbox
73 verbose addRemoteTarball https://registry.npmjs.org/jquery-colorbox/-/jquery-colorbox-1.6.3.tgz not in flight; adding
74 verbose addRemoteTarball [ 'https://registry.npmjs.org/jquery-colorbox/-/jquery-colorbox-1.6.3.tgz',
74 verbose addRemoteTarball   'd648b3aab630ddeb8c10300f7d00958469bb0205' ]
75 info retry fetch attempt 1 at 10:25:33 AM
76 info attempt registry request try #1 at 10:25:33 AM
77 http fetch GET https://registry.npmjs.org/jquery-colorbox/-/jquery-colorbox-1.6.3.tgz
78 http fetch 200 https://registry.npmjs.org/jquery-colorbox/-/jquery-colorbox-1.6.3.tgz
79 silly fetchAndShaCheck shasum d648b3aab630ddeb8c10300f7d00958469bb0205
80 verbose addTmpTarball C:\Users\PETERA~1\AppData\Local\Temp\npm-15924-d6ba8d8d\registry.npmjs.org\jquery-colorbox\-\jquery-colorbox-1.6.3.tgz not in flight; adding
81 verbose addTmpTarball already have metadata; skipping unpack for jquery-colorbox@1.6.3
82 silly cache afterAdd jquery-colorbox@1.6.3
83 verbose afterAdd C:\Users\Peter A\AppData\Roaming\npm-cache\jquery-colorbox\1.6.3\package\package.json not in flight; writing
84 verbose afterAdd C:\Users\Peter A\AppData\Roaming\npm-cache\jquery-colorbox\1.6.3\package\package.json written
85 silly install resolved [ { name: 'jquery-colorbox',
85 silly install resolved     description: 'jQuery lightbox and modal window plugin.',
85 silly install resolved     version: '1.6.3',
85 silly install resolved     keywords: [ 'modal', 'lightbox', 'gallery', 'popup', 'ui', 'jquery-plugin' ],
85 silly install resolved     author:
85 silly install resolved      { name: 'Jack Moore',
85 silly install resolved        email: 'hello@jacklmoore.com',
85 silly install resolved        url: 'http://www.jacklmoore.com' },
85 silly install resolved     main: 'jquery.colorbox.js',
85 silly install resolved     license: 'MIT',
85 silly install resolved     homepage: 'http://www.jacklmoore.com/colorbox',
85 silly install resolved     demo: 'http://www.jacklmoore.com/colorbox',
85 silly install resolved     repository: { type: 'git', url: 'http://github.com/jackmoore/colorbox.git' },
85 silly install resolved     dependencies: { jquery: '>=1.3.2' },
85 silly install resolved     gitHead: 'd9b74f2289b315c36b2e4b2bce01a799bf851aed',
85 silly install resolved     bugs: { url: 'https://github.com/jackmoore/colorbox/issues' },
85 silly install resolved     _id: 'jquery-colorbox@1.6.3',
85 silly install resolved     scripts: {},
85 silly install resolved     _shasum: 'd648b3aab630ddeb8c10300f7d00958469bb0205',
85 silly install resolved     _from: 'jquery-colorbox@*',
85 silly install resolved     _npmVersion: '2.5.1',
85 silly install resolved     _nodeVersion: '0.12.0',
85 silly install resolved     _npmUser: { name: 'jacklmoore', email: 'hello@jacklmoore.com' },
85 silly install resolved     maintainers: [ [Object] ],
85 silly install resolved     dist:
85 silly install resolved      { shasum: 'd648b3aab630ddeb8c10300f7d00958469bb0205',
85 silly install resolved        tarball: 'http://registry.npmjs.org/jquery-colorbox/-/jquery-colorbox-1.6.3.tgz' },
85 silly install resolved     directories: {},
85 silly install resolved     _resolved: 'https://registry.npmjs.org/jquery-colorbox/-/jquery-colorbox-1.6.3.tgz' } ]
86 info install jquery-colorbox@1.6.3 into C:\Users\Peter A\Documents\petrons_projects\Langham Hotel\www\wp-content\themes\langham-theme
87 info installOne jquery-colorbox@1.6.3
88 verbose installOne of jquery-colorbox to C:\Users\Peter A\Documents\petrons_projects\Langham Hotel\www\wp-content\themes\langham-theme not in flight; installing
89 verbose lock using C:\Users\Peter A\AppData\Roaming\npm-cache\_locks\jquery-colorbox-8b5ea528ef12ebeb.lock for C:\Users\Peter A\Documents\petrons_projects\Langham Hotel\www\wp-content\themes\langham-theme\node_modules\jquery-colorbox
90 silly install write writing jquery-colorbox 1.6.3 to C:\Users\Peter A\Documents\petrons_projects\Langham Hotel\www\wp-content\themes\langham-theme\node_modules\jquery-colorbox
91 verbose unbuild node_modules\jquery-colorbox
92 silly gentlyRm C:\Users\Peter A\Documents\petrons_projects\Langham Hotel\www\wp-content\themes\langham-theme\node_modules\jquery-colorbox is being purged from base C:\Users\Peter A\Documents\petrons_projects\Langham Hotel\www\wp-content\themes\langham-theme
93 verbose gentlyRm don't care about contents; nuking C:\Users\Peter A\Documents\petrons_projects\Langham Hotel\www\wp-content\themes\langham-theme\node_modules\jquery-colorbox
94 verbose tar unpack C:\Users\Peter A\AppData\Roaming\npm-cache\jquery-colorbox\1.6.3\package.tgz
95 verbose tar unpacking to C:\Users\Peter A\Documents\petrons_projects\Langham Hotel\www\wp-content\themes\langham-theme\node_modules\jquery-colorbox
96 silly gentlyRm C:\Users\Peter A\Documents\petrons_projects\Langham Hotel\www\wp-content\themes\langham-theme\node_modules\jquery-colorbox is being purged
97 verbose gentlyRm don't care about contents; nuking C:\Users\Peter A\Documents\petrons_projects\Langham Hotel\www\wp-content\themes\langham-theme\node_modules\jquery-colorbox
98 silly gunzTarPerm modes [ '777', '666' ]
99 silly gunzTarPerm extractEntry package.json
100 silly gunzTarPerm modified mode [ 'package.json', 420, 438 ]
101 silly gunzTarPerm extractEntry README.md
102 silly gunzTarPerm modified mode [ 'README.md', 420, 438 ]
103 silly gunzTarPerm extractEntry jquery.colorbox-min.js
104 silly gunzTarPerm modified mode [ 'jquery.colorbox-min.js', 420, 438 ]
105 silly gunzTarPerm extractEntry jquery.colorbox.js
106 silly gunzTarPerm modified mode [ 'jquery.colorbox.js', 420, 438 ]
107 silly gunzTarPerm extractEntry example4/colorbox.css
108 silly gunzTarPerm modified mode [ 'example4/colorbox.css', 420, 438 ]
109 silly gunzTarPerm extractEntry example4/images/border1.png
110 silly gunzTarPerm modified mode [ 'example4/images/border1.png', 420, 438 ]
111 silly gunzTarPerm extractEntry example4/images/border2.png
112 silly gunzTarPerm modified mode [ 'example4/images/border2.png', 420, 438 ]
113 silly gunzTarPerm extractEntry example4/images/loading.gif
114 silly gunzTarPerm modified mode [ 'example4/images/loading.gif', 420, 438 ]
115 silly gunzTarPerm extractEntry example4/index.html
116 silly gunzTarPerm modified mode [ 'example4/index.html', 420, 438 ]
117 silly gunzTarPerm extractEntry example2/colorbox.css
118 silly gunzTarPerm modified mode [ 'example2/colorbox.css', 420, 438 ]
119 silly gunzTarPerm extractEntry example2/images/controls.png
120 silly gunzTarPerm modified mode [ 'example2/images/controls.png', 420, 438 ]
121 silly gunzTarPerm extractEntry example2/images/loading.gif
122 silly gunzTarPerm modified mode [ 'example2/images/loading.gif', 420, 438 ]
123 silly gunzTarPerm extractEntry example2/index.html
124 silly gunzTarPerm modified mode [ 'example2/index.html', 420, 438 ]
125 silly gunzTarPerm extractEntry bower.json
126 silly gunzTarPerm modified mode [ 'bower.json', 420, 438 ]
127 silly gunzTarPerm extractEntry content/ajax.html
128 silly gunzTarPerm modified mode [ 'content/ajax.html', 420, 438 ]
129 silly gunzTarPerm extractEntry content/daisy.jpg
130 silly gunzTarPerm modified mode [ 'content/daisy.jpg', 420, 438 ]
131 silly gunzTarPerm extractEntry content/daisy@2x.jpg
132 silly gunzTarPerm modified mode [ 'content/daisy@2x.jpg', 420, 438 ]
133 silly gunzTarPerm extractEntry content/homer.jpg
134 silly gunzTarPerm modified mode [ 'content/homer.jpg', 420, 438 ]
135 silly gunzTarPerm extractEntry content/marylou.jpg
136 silly gunzTarPerm modified mode [ 'content/marylou.jpg', 420, 438 ]
137 silly gunzTarPerm extractEntry content/ohoopee1.jpg
138 silly gunzTarPerm modified mode [ 'content/ohoopee1.jpg', 420, 438 ]
139 silly gunzTarPerm extractEntry content/ohoopee2.jpg
140 silly gunzTarPerm modified mode [ 'content/ohoopee2.jpg', 420, 438 ]
141 silly gunzTarPerm extractEntry content/ohoopee3.jpg
142 silly gunzTarPerm modified mode [ 'content/ohoopee3.jpg', 420, 438 ]
143 silly gunzTarPerm extractEntry example5/colorbox.css
144 silly gunzTarPerm modified mode [ 'example5/colorbox.css', 420, 438 ]
145 silly gunzTarPerm extractEntry example5/images/border.png
146 silly gunzTarPerm modified mode [ 'example5/images/border.png', 420, 438 ]
147 silly gunzTarPerm extractEntry example5/images/controls.png
148 silly gunzTarPerm modified mode [ 'example5/images/controls.png', 420, 438 ]
149 silly gunzTarPerm extractEntry example5/images/loading.gif
150 silly gunzTarPerm modified mode [ 'example5/images/loading.gif', 420, 438 ]
151 silly gunzTarPerm extractEntry example5/images/loading_background.png
152 silly gunzTarPerm modified mode [ 'example5/images/loading_background.png', 420, 438 ]
153 silly gunzTarPerm extractEntry example5/index.html
154 silly gunzTarPerm modified mode [ 'example5/index.html', 420, 438 ]
155 silly gunzTarPerm extractEntry i18n/jquery.colorbox-ar.js
156 silly gunzTarPerm modified mode [ 'i18n/jquery.colorbox-ar.js', 420, 438 ]
157 silly gunzTarPerm extractEntry i18n/jquery.colorbox-hr.js
158 silly gunzTarPerm modified mode [ 'i18n/jquery.colorbox-hr.js', 420, 438 ]
159 silly gunzTarPerm extractEntry i18n/jquery.colorbox-hu.js
160 silly gunzTarPerm modified mode [ 'i18n/jquery.colorbox-hu.js', 420, 438 ]
161 silly gunzTarPerm extractEntry i18n/jquery.colorbox-id.js
162 silly gunzTarPerm modified mode [ 'i18n/jquery.colorbox-id.js', 420, 438 ]
163 silly gunzTarPerm extractEntry i18n/jquery.colorbox-it.js
164 silly gunzTarPerm modified mode [ 'i18n/jquery.colorbox-it.js', 420, 438 ]
165 silly gunzTarPerm extractEntry i18n/jquery.colorbox-he.js
166 silly gunzTarPerm modified mode [ 'i18n/jquery.colorbox-he.js', 420, 438 ]
167 silly gunzTarPerm extractEntry i18n/jquery.colorbox-kr.js
168 silly gunzTarPerm modified mode [ 'i18n/jquery.colorbox-kr.js', 420, 438 ]
169 silly gunzTarPerm extractEntry i18n/jquery.colorbox-lt.js
170 silly gunzTarPerm modified mode [ 'i18n/jquery.colorbox-lt.js', 420, 438 ]
171 silly gunzTarPerm extractEntry i18n/jquery.colorbox-lv.js
172 silly gunzTarPerm modified mode [ 'i18n/jquery.colorbox-lv.js', 420, 438 ]
173 silly gunzTarPerm extractEntry i18n/jquery.colorbox-my.js
174 silly gunzTarPerm modified mode [ 'i18n/jquery.colorbox-my.js', 420, 438 ]
175 silly gunzTarPerm extractEntry i18n/jquery.colorbox-nl.js
176 silly gunzTarPerm modified mode [ 'i18n/jquery.colorbox-nl.js', 420, 438 ]
177 silly gunzTarPerm extractEntry i18n/jquery.colorbox-gr.js
178 silly gunzTarPerm modified mode [ 'i18n/jquery.colorbox-gr.js', 420, 438 ]
179 silly gunzTarPerm extractEntry i18n/jquery.colorbox-no.js
180 silly gunzTarPerm modified mode [ 'i18n/jquery.colorbox-no.js', 420, 438 ]
181 silly gunzTarPerm extractEntry i18n/jquery.colorbox-gl.js
182 silly gunzTarPerm modified mode [ 'i18n/jquery.colorbox-gl.js', 420, 438 ]
183 silly gunzTarPerm extractEntry i18n/jquery.colorbox-pl.js
184 silly gunzTarPerm modified mode [ 'i18n/jquery.colorbox-pl.js', 420, 438 ]
185 silly gunzTarPerm extractEntry i18n/jquery.colorbox-fr.js
186 silly gunzTarPerm modified mode [ 'i18n/jquery.colorbox-fr.js', 420, 438 ]
187 silly gunzTarPerm extractEntry i18n/jquery.colorbox-pt-BR.js
188 silly gunzTarPerm modified mode [ 'i18n/jquery.colorbox-pt-BR.js', 420, 438 ]
189 silly gunzTarPerm extractEntry i18n/jquery.colorbox-fi.js
190 silly gunzTarPerm modified mode [ 'i18n/jquery.colorbox-fi.js', 420, 438 ]
191 silly gunzTarPerm extractEntry i18n/jquery.colorbox-ro.js
192 silly gunzTarPerm modified mode [ 'i18n/jquery.colorbox-ro.js', 420, 438 ]
193 silly gunzTarPerm extractEntry i18n/jquery.colorbox-fa.js
194 silly gunzTarPerm modified mode [ 'i18n/jquery.colorbox-fa.js', 420, 438 ]
195 silly gunzTarPerm extractEntry i18n/jquery.colorbox-ru.js
196 silly gunzTarPerm modified mode [ 'i18n/jquery.colorbox-ru.js', 420, 438 ]
197 silly gunzTarPerm extractEntry i18n/jquery.colorbox-et.js
198 silly gunzTarPerm modified mode [ 'i18n/jquery.colorbox-et.js', 420, 438 ]
199 silly gunzTarPerm extractEntry i18n/jquery.colorbox-si.js
200 silly gunzTarPerm modified mode [ 'i18n/jquery.colorbox-si.js', 420, 438 ]
201 silly gunzTarPerm extractEntry i18n/jquery.colorbox-es.js
202 silly gunzTarPerm modified mode [ 'i18n/jquery.colorbox-es.js', 420, 438 ]
203 silly gunzTarPerm extractEntry i18n/jquery.colorbox-sk.js
204 silly gunzTarPerm modified mode [ 'i18n/jquery.colorbox-sk.js', 420, 438 ]
205 silly gunzTarPerm extractEntry i18n/jquery.colorbox-de.js
206 silly gunzTarPerm modified mode [ 'i18n/jquery.colorbox-de.js', 420, 438 ]
207 silly gunzTarPerm extractEntry i18n/jquery.colorbox-sr.js
208 silly gunzTarPerm modified mode [ 'i18n/jquery.colorbox-sr.js', 420, 438 ]
209 silly gunzTarPerm extractEntry i18n/jquery.colorbox-da.js
210 silly gunzTarPerm modified mode [ 'i18n/jquery.colorbox-da.js', 420, 438 ]
211 silly gunzTarPerm extractEntry i18n/jquery.colorbox-sv.js
212 silly gunzTarPerm modified mode [ 'i18n/jquery.colorbox-sv.js', 420, 438 ]
213 silly gunzTarPerm extractEntry i18n/jquery.colorbox-cs.js
214 silly gunzTarPerm modified mode [ 'i18n/jquery.colorbox-cs.js', 420, 438 ]
215 silly gunzTarPerm extractEntry i18n/jquery.colorbox-tr.js
216 silly gunzTarPerm modified mode [ 'i18n/jquery.colorbox-tr.js', 420, 438 ]
217 silly gunzTarPerm extractEntry i18n/jquery.colorbox-ca.js
218 silly gunzTarPerm modified mode [ 'i18n/jquery.colorbox-ca.js', 420, 438 ]
219 silly gunzTarPerm extractEntry i18n/jquery.colorbox-uk.js
220 silly gunzTarPerm modified mode [ 'i18n/jquery.colorbox-uk.js', 420, 438 ]
221 silly gunzTarPerm extractEntry i18n/jquery.colorbox-bn.js
222 silly gunzTarPerm modified mode [ 'i18n/jquery.colorbox-bn.js', 420, 438 ]
223 silly gunzTarPerm extractEntry i18n/jquery.colorbox-zh-CN.js
224 silly gunzTarPerm modified mode [ 'i18n/jquery.colorbox-zh-CN.js', 420, 438 ]
225 silly gunzTarPerm extractEntry i18n/jquery.colorbox-bg.js
226 silly gunzTarPerm modified mode [ 'i18n/jquery.colorbox-bg.js', 420, 438 ]
227 silly gunzTarPerm extractEntry i18n/jquery.colorbox-zh-TW.js
228 silly gunzTarPerm modified mode [ 'i18n/jquery.colorbox-zh-TW.js', 420, 438 ]
229 silly gunzTarPerm extractEntry i18n/jquery.colorbox-ja.js
230 silly gunzTarPerm modified mode [ 'i18n/jquery.colorbox-ja.js', 420, 438 ]
231 silly gunzTarPerm extractEntry colorbox.ai
232 silly gunzTarPerm modified mode [ 'colorbox.ai', 420, 438 ]
233 silly gunzTarPerm extractEntry example1/colorbox.css
234 silly gunzTarPerm modified mode [ 'example1/colorbox.css', 420, 438 ]
235 silly gunzTarPerm extractEntry example1/images/border.png
236 silly gunzTarPerm modified mode [ 'example1/images/border.png', 420, 438 ]
237 silly gunzTarPerm extractEntry example1/images/controls.png
238 silly gunzTarPerm modified mode [ 'example1/images/controls.png', 420, 438 ]
239 silly gunzTarPerm extractEntry example1/images/loading.gif
240 silly gunzTarPerm modified mode [ 'example1/images/loading.gif', 420, 438 ]
241 silly gunzTarPerm extractEntry example1/images/loading_background.png
242 silly gunzTarPerm modified mode [ 'example1/images/loading_background.png', 420, 438 ]
243 silly gunzTarPerm extractEntry example1/images/overlay.png
244 silly gunzTarPerm modified mode [ 'example1/images/overlay.png', 420, 438 ]
245 silly gunzTarPerm extractEntry example1/index.html
246 silly gunzTarPerm modified mode [ 'example1/index.html', 420, 438 ]
247 silly gunzTarPerm extractEntry example3/colorbox.css
248 silly gunzTarPerm modified mode [ 'example3/colorbox.css', 420, 438 ]
249 silly gunzTarPerm extractEntry example3/images/controls.png
250 silly gunzTarPerm modified mode [ 'example3/images/controls.png', 420, 438 ]
251 silly gunzTarPerm extractEntry example3/images/loading.gif
252 silly gunzTarPerm modified mode [ 'example3/images/loading.gif', 420, 438 ]
253 silly gunzTarPerm extractEntry example3/index.html
254 silly gunzTarPerm modified mode [ 'example3/index.html', 420, 438 ]
255 verbose write writing to C:\Users\Peter A\Documents\petrons_projects\Langham Hotel\www\wp-content\themes\langham-theme\node_modules\jquery-colorbox\package.json
256 info preinstall jquery-colorbox@1.6.3
257 verbose readDependencies loading dependencies from C:\Users\Peter A\Documents\petrons_projects\Langham Hotel\www\wp-content\themes\langham-theme\node_modules\jquery-colorbox\package.json
258 verbose readDependencies loading dependencies from C:\Users\Peter A\Documents\petrons_projects\Langham Hotel\www\wp-content\themes\langham-theme\node_modules\jquery-colorbox\package.json
259 silly install resolved []
260 verbose about to build C:\Users\Peter A\Documents\petrons_projects\Langham Hotel\www\wp-content\themes\langham-theme\node_modules\jquery-colorbox
261 info build C:\Users\Peter A\Documents\petrons_projects\Langham Hotel\www\wp-content\themes\langham-theme\node_modules\jquery-colorbox
262 info linkStuff jquery-colorbox@1.6.3
263 silly linkStuff jquery-colorbox@1.6.3 has C:\Users\Peter A\Documents\petrons_projects\Langham Hotel\www\wp-content\themes\langham-theme\node_modules as its parent node_modules
264 verbose linkBins jquery-colorbox@1.6.3
265 verbose linkMans jquery-colorbox@1.6.3
266 verbose rebuildBundles jquery-colorbox@1.6.3
267 info install jquery-colorbox@1.6.3
268 info postinstall jquery-colorbox@1.6.3
269 verbose unlock done using C:\Users\Peter A\AppData\Roaming\npm-cache\_locks\jquery-colorbox-8b5ea528ef12ebeb.lock for C:\Users\Peter A\Documents\petrons_projects\Langham Hotel\www\wp-content\themes\langham-theme\node_modules\jquery-colorbox
270 verbose validateInstall loading C:\Users\Peter A\Documents\petrons_projects\Langham Hotel\www\wp-content\themes\langham-theme\package.json for validation
271 verbose stack Error: The package browserify@12.0.1 does not satisfy its siblings' peerDependencies requirements!
271 verbose stack     at C:\Program Files\nodejs\node_modules\npm\lib\install.js:125:32
271 verbose stack     at C:\Program Files\nodejs\node_modules\npm\lib\install.js:268:7
271 verbose stack     at C:\Program Files\nodejs\node_modules\npm\node_modules\read-installed\read-installed.js:142:5
271 verbose stack     at C:\Program Files\nodejs\node_modules\npm\node_modules\read-installed\read-installed.js:263:14
271 verbose stack     at cb (C:\Program Files\nodejs\node_modules\npm\node_modules\slide\lib\async-map.js:47:24)
271 verbose stack     at C:\Program Files\nodejs\node_modules\npm\node_modules\read-installed\read-installed.js:263:14
271 verbose stack     at cb (C:\Program Files\nodejs\node_modules\npm\node_modules\slide\lib\async-map.js:47:24)
271 verbose stack     at C:\Program Files\nodejs\node_modules\npm\node_modules\read-installed\read-installed.js:263:14
271 verbose stack     at cb (C:\Program Files\nodejs\node_modules\npm\node_modules\slide\lib\async-map.js:47:24)
271 verbose stack     at C:\Program Files\nodejs\node_modules\npm\node_modules\read-installed\read-installed.js:263:14
272 verbose cwd C:\Users\Peter A\Documents\petrons_projects\Langham Hotel\www\wp-content\themes\langham-theme
273 error Windows_NT 6.1.7601
274 error argv "C:\\Program Files\\nodejs\\node.exe" "C:\\Program Files\\nodejs\\node_modules\\npm\\bin\\npm-cli.js" "install" "jquery-colorbox" "--save-dev"
275 error node v4.2.2
276 error npm  v2.14.7
277 error code EPEERINVALID
278 error peerinvalid The package browserify@12.0.1 does not satisfy its siblings' peerDependencies requirements!
278 error peerinvalid Peer gulp-watchify@0.5.0 wants browserify@^9.0.7
278 error peerinvalid Peer browserify-shim@3.8.11 wants browserify@>= 2.3.0 < 13
279 verbose exit [ 1, true ]
